<?xml version="1.0" encoding="UTF-8"?>
<!-- Generated by org.testng.reporters.JUnitReportReporter -->
<testsuite hostname="LAPTOP-Q7815TKC" failures="0" tests="1" name="webdriver.Demo1" time="120.597" errors="0" timestamp="28 May 2019 05:46:36 GMT">
  <testcase classname="webdriver.Demo1" name="run" time="120.597"/>
</testsuite> <!-- webdriver.Demo1 -->
