<?xml version="1.0" encoding="UTF-8"?>
<!-- Generated by org.testng.reporters.JUnitReportReporter -->
<testsuite hostname="LAPTOP-Q7815TKC" failures="0" tests="2" name="webdriver.OrangeHrm" time="31.540" errors="0" timestamp="27 May 2019 12:39:41 GMT">
  <testcase classname="webdriver.OrangeHrm" name="login" time="24.839"/>
  <testcase classname="webdriver.OrangeHrm" name="logout" time="6.701"/>
</testsuite> <!-- webdriver.OrangeHrm -->
