<?xml version="1.0" encoding="UTF-8"?>
<!-- Generated by org.testng.reporters.JUnitReportReporter -->
<testsuite hostname="LAPTOP-Q7815TKC" failures="0" tests="4" name="webdriver.TestNG1" time="42.110" errors="0" timestamp="27 May 2019 13:37:28 GMT">
  <testcase classname="webdriver.TestNG1" name="closeBrowser" time="0.030"/>
  <testcase classname="webdriver.TestNG1" name="launchBrowser" time="10.293"/>
  <testcase classname="webdriver.TestNG1" name="verifyGmailTitle" time="20.551"/>
  <testcase classname="webdriver.TestNG1" name="verifyTitle" time="11.236"/>
</testsuite> <!-- webdriver.TestNG1 -->
